[ 2017-07-17T09:05:25+08:00 ] 58.101.213.177 /favicon.ico
INFO: [ app_init ] --START--
INFO: Run Behavior\BuildLiteBehavior [ RunTime:0.000019s ]
INFO: [ app_init ] --END-- [ RunTime:0.000130s ]
ERR: 无法加载模块:Favicon

[ 2017-07-17T09:14:45+08:00 ] 58.101.213.177 /index
INFO: [ app_init ] --START--
INFO: Run Behavior\BuildLiteBehavior [ RunTime:0.000012s ]
INFO: [ app_init ] --END-- [ RunTime:0.000082s ]
ERR: 无法加载模块:Index

[ 2017-07-17T10:58:03+08:00 ] 58.101.213.177 /index.php/Home/Pagepay/pagePay.html
INFO: [ app_init ] --START--
INFO: Run Behavior\BuildLiteBehavior [ RunTime:0.000016s ]
INFO: [ app_init ] --END-- [ RunTime:0.000107s ]
ERR: 无法加载模块:Index.php

[ 2017-07-17T11:00:17+08:00 ] 58.101.213.177 /index.php/Home/Pagepay/pagePay.html
INFO: [ app_init ] --START--
INFO: Run Behavior\BuildLiteBehavior [ RunTime:0.000014s ]
INFO: [ app_init ] --END-- [ RunTime:0.000098s ]
ERR: 无法加载模块:Index.php

[ 2017-07-17T13:37:54+08:00 ] 121.0.27.89 /Pagepay/notify_url
INFO: [ app_init ] --START--
INFO: Run Behavior\BuildLiteBehavior [ RunTime:0.000020s ]
INFO: [ app_init ] --END-- [ RunTime:0.000133s ]
ERR: 无法加载模块:Pagepay

[ 2017-07-17T13:38:05+08:00 ] 58.101.213.177 /Pagepay/return_url?total_amount=0.01&timestamp=2017-07-17+13%3A38%3A02&sign=PUG6gcIvGh3PN%2FEpGygTjN1NyJoMNXBtuDV2VPQ64tcU5irVzE5ukTRghlKZ3GVR5FBxK7o%2BR0gNA0u64ycedc%2B7wKebz6pS%2FQesxrZxHFnJZP0Tci73hlqpBOWOF2RYdWE5bE7WPChAmi0Z01qAFHueC4R4Ob2q4nsZkknswH2FFjTaIwV8f6nw2ASgS4k%2BaA8%2FGYU6RvnpCVXLUR1upR8sg2CM4MS6eFE4iYyX1M%2BI6fy0Zbdjt5uwKyA%2F2r87h4bgLxLJHWZGx5PvOnZUMi%2Be5X1SSKW5WJAPinPcgKvbEiJUBPTlBvPQwuOU29G19iWR13iy63CwnOfWmFBQbA%3D%3D&trade_no=2017071721001004670200174075&sign_type=RSA2&auth_app_id=2016080500169037&charset=UTF-8&seller_id=2088102169985265&method=alipay.trade.page.pay.return&app_id=2016080500169037&out_trade_no=2017717132932223&version=1.0
INFO: [ app_init ] --START--
INFO: Run Behavior\BuildLiteBehavior [ RunTime:0.000015s ]
INFO: [ app_init ] --END-- [ RunTime:0.000103s ]
ERR: 无法加载模块:Pagepay

[ 2017-07-17T13:40:01+08:00 ] 58.101.213.177 /Pagepay/return_url?total_amount=0.01&timestamp=2017-07-17+13%3A38%3A02&sign=PUG6gcIvGh3PN%2FEpGygTjN1NyJoMNXBtuDV2VPQ64tcU5irVzE5ukTRghlKZ3GVR5FBxK7o%2BR0gNA0u64ycedc%2B7wKebz6pS%2FQesxrZxHFnJZP0Tci73hlqpBOWOF2RYdWE5bE7WPChAmi0Z01qAFHueC4R4Ob2q4nsZkknswH2FFjTaIwV8f6nw2ASgS4k%2BaA8%2FGYU6RvnpCVXLUR1upR8sg2CM4MS6eFE4iYyX1M%2BI6fy0Zbdjt5uwKyA%2F2r87h4bgLxLJHWZGx5PvOnZUMi%2Be5X1SSKW5WJAPinPcgKvbEiJUBPTlBvPQwuOU29G19iWR13iy63CwnOfWmFBQbA%3D%3D&trade_no=2017071721001004670200174075&sign_type=RSA2&auth_app_id=2016080500169037&charset=UTF-8&seller_id=2088102169985265&method=alipay.trade.page.pay.return&app_id=2016080500169037&out_trade_no=2017717132932223&version=1.0
INFO: [ app_init ] --START--
INFO: Run Behavior\BuildLiteBehavior [ RunTime:0.000012s ]
INFO: [ app_init ] --END-- [ RunTime:0.000082s ]
ERR: 无法加载模块:Pagepay

[ 2017-07-17T13:41:12+08:00 ] 121.0.27.89 /Pagepay/notify_url
INFO: [ app_init ] --START--
INFO: Run Behavior\BuildLiteBehavior [ RunTime:0.000015s ]
INFO: [ app_init ] --END-- [ RunTime:0.000130s ]
ERR: 无法加载模块:Pagepay

[ 2017-07-17T13:41:15+08:00 ] 121.0.27.2 /Pagepay/notify_url
INFO: [ app_init ] --START--
INFO: Run Behavior\BuildLiteBehavior [ RunTime:0.000015s ]
INFO: [ app_init ] --END-- [ RunTime:0.000098s ]
ERR: 无法加载模块:Pagepay

[ 2017-07-17T13:41:22+08:00 ] 121.0.27.89 /Pagepay/notify_url
INFO: [ app_init ] --START--
INFO: Run Behavior\BuildLiteBehavior [ RunTime:0.000015s ]
INFO: [ app_init ] --END-- [ RunTime:0.000094s ]
ERR: 无法加载模块:Pagepay

[ 2017-07-17T13:41:23+08:00 ] 121.0.27.2 /Pagepay/notify_url
INFO: [ app_init ] --START--
INFO: Run Behavior\BuildLiteBehavior [ RunTime:0.000014s ]
INFO: [ app_init ] --END-- [ RunTime:0.000090s ]
ERR: 无法加载模块:Pagepay

[ 2017-07-17T13:41:23+08:00 ] 121.0.27.89 /Pagepay/notify_url
INFO: [ app_init ] --START--
INFO: Run Behavior\BuildLiteBehavior [ RunTime:0.000022s ]
INFO: [ app_init ] --END-- [ RunTime:0.000146s ]
ERR: 无法加载模块:Pagepay

[ 2017-07-17T13:41:27+08:00 ] 121.0.27.2 /Pagepay/notify_url
INFO: [ app_init ] --START--
INFO: Run Behavior\BuildLiteBehavior [ RunTime:0.000014s ]
INFO: [ app_init ] --END-- [ RunTime:0.000097s ]
ERR: 无法加载模块:Pagepay

[ 2017-07-17T13:41:34+08:00 ] 121.0.27.2 /Pagepay/notify_url
INFO: [ app_init ] --START--
INFO: Run Behavior\BuildLiteBehavior [ RunTime:0.000011s ]
INFO: [ app_init ] --END-- [ RunTime:0.000082s ]
ERR: 无法加载模块:Pagepay

[ 2017-07-17T20:20:28+08:00 ] 140.205.225.185 /index.php?m=member&c=index&a=register&siteid=1
INFO: [ app_init ] --START--
INFO: Run Behavior\BuildLiteBehavior [ RunTime:0.000014s ]
INFO: [ app_init ] --END-- [ RunTime:0.000098s ]
ERR: 无法加载模块:Member

[ 2017-07-17T20:20:29+08:00 ] 140.205.225.185 /index.php?m=wap&a=index&siteid=1
INFO: [ app_init ] --START--
INFO: Run Behavior\BuildLiteBehavior [ RunTime:0.000016s ]
INFO: [ app_init ] --END-- [ RunTime:0.000097s ]
ERR: 无法加载模块:Wap

